美丽的贝于517年12月在小狗之洞窟生成了。
迷之宝石于517年12月在帕罗米亚生成了。
细短剑于518年1月在帕罗米亚生成了。
迷之宝石于518年2月在电子巨蛋生成了。
巨大的锤于518年2月在电子巨蛋生成了。
神圣的宝石于518年2月在电子巨蛋生成了。
迷之宝石于518年2月在电子巨蛋生成了。
神圣之枪于518年2月在电子巨蛋生成了。
神圣的宝石于518年4月在帕罗米亚生成了。
收获之镰于518年4月在帕罗米亚生成了。
脏兮兮的项链于518年5月在诺耶尔生成了。
脏兮兮的项链于518年5月在诺耶尔生成了。
华丽的弦乐器于518年5月在诺耶尔生成了。
脏兮兮的项链于518年5月在诺耶尔生成了。
脏兮兮的项链于518年5月在诺耶尔生成了。
华丽的弦乐器于518年5月在诺耶尔生成了。
奇怪的宝石于518年6月在电子巨蛋生成了。
柔软的尾巴于518年6月在森生成了。
古老的散弹枪于518年6月在电子巨蛋生成了。
神圣的宝石于518年7月在电子巨蛋生成了。
逐风之长弓于518年7月在诺耶尔生成了。
迷之宝石于518年8月在帕罗米亚生成了。
紫色的项链于518年8月在特尔斐生成了。
发光的石头于518年8月在特尔斐生成了。
元素之杖于518年8月在电子巨蛋生成了。
柔软的尾巴于518年8月在牧场生成了。
冰冷的装置于518年8月在韦尔尼斯生成了。
轻快的鞋于518年8月在约恩村生成了。
从未见过的水果于518年8月在卡普尔港生成了。
神的雕像于518年8月在金字塔生成了。
奇怪的奶酪于518年9月在约恩村生成了。
非常危险的炸弹于518年9月在特尔斐生成了。
柔软的尾巴于518年9月在牧场生成了。
柔软的尾巴于518年10月在勇者之森生成了。
透明的钥匙于518岁10月在北提里斯内瓦尔德的拿到手了。
美丽的贝于518年10月在小狗之洞窟生成了。
