
@01 518/6/28 h17 发现道具
珍珠死亡在不归之塔把☆来自海洋的重盔『吃
动物的大剑』 [4,7]拿到手了。

@03 518/8/15 h7 任务的完成
巫师命运任务完成，45的声望获得了。

@01 518/8/15 h14 发现道具
通向来生的笼在北提里斯把☆上古的盾『丧尸
之争夺』 [10,17]拿到手了。

@01 518/8/15 h20 发现道具
常常做梦的无限在北提里斯把☆折翼的靴『哭
泣之淑女的』 [14,6]拿到手了。

@01 518/8/25 h12 发现道具
杀死老虎的罪在北提里斯南关所把☆沉重的箭
矢『没有终点的消灭』 (1d7)拿到手了。

@03 518/8/26 h7 任务的完成
令人赞叹的锤任务完成，101的声望获得了。


@01 518/8/30 h4 发现道具
常常做梦的无限在北提里斯把☆梦幻的手枪『
不新鲜的诗人』 (1d21)(9)拿到手了。

@02 518/9/2 h14 新的力量
破局之地积攒了足够的经验，升到16了。

@01 518/9/2 h23 发现道具
巫师命运在北提里斯把☆通透的重靴『静寂珍
珠』 [1,0]拿到手了。

@01 518/9/3 h3 发现道具
魔术师之抵抗在北提里斯把☆粉碎黑暗的圆盾
『暗杀者之夕』 [2,6]拿到手了。

@01 518/9/3 h9 发现道具
赌博黄昏在北提里斯把☆s神的大锤『未定的
火炎』 (2d19+2)(-5)拿到手了。

@01 518/9/3 h12 发现道具
无论何时都中毒患者在北提里斯把☆绽放异彩
的手斧『空虚的空』 (2d15+4)(12)拿到手了。


@01 518/9/5 h20 发现道具
绿宝石之可爱在北提里斯把☆艳丽的鞋『不净
的窃贼』 [1,0]拿到手了。

@02 518/9/7 h14 新的力量
染上了黑色的姐妹积攒了足够的经验，升到5
2了。

@01 518/9/13 h12 发现道具
真・专家在勇者之塔把☆祝福的艳丽的圆盾『
治疗者之暗黑』 [3,1]拿到手了。

@02 518/9/20 h17 新的力量
魔术师之抵抗积攒了足够的经验，升到13了。


@01 518/9/21 h11 发现道具
飞行与黑在迷幻之寨把☆沉重的精工项链『一
直命中注定』拿到手了。

@03 518/9/28 h2 任务的完成
染上了黑色的姐妹任务完成，133的声望获得
了。

@01 518/9/28 h20 发现道具
珍珠死亡在北提里斯把☆不朽的精灵帽『星屑
之悲伤』 [8,6]拿到手了。

@01 518/9/28 h21 发现道具
能呻吟影在北提里斯把☆缠绕光芒的机械弓『
猎杀人类的谋反』 (1d26+5)(8)拿到手了。


@01 518/11/2 h12 发现道具
正在熔化的深渊在北提里斯把☆诅咒的历史悠
久的机关枪『秩序的我』 (10d4+1)(13)拿到
手了。

@02 518/11/7 h14 新的力量
真・专家积攒了足够的经验，升到19了。

@01 518/12/1 h20 发现道具
通向来生的笼在迷幻之寨把☆高贵的机关枪『
猎杀小狗的塔』 (10d3)(2)拿到手了。

@01 518/12/1 h23 发现道具
讨厌小丑的青铜在不归之森把☆包覆一切的防
弹衣『处事不惊的复活』 [18,11]拿到手了。


@03 518/12/4 h15 任务的完成
染上了黑色的姐妹任务完成，87的声望获得了。


@01 518/12/4 h15 发现道具
染上了黑色的姐妹在北提里斯把☆触怒逆鳞的
重盔『高洁的夫』 [5,9]拿到手了。

@01 518/12/4 h22 发现道具
魔术师之抵抗在冒险者之寨把☆通透的腰带『
掠夺者之漆黑』 [6,0]拿到手了。

@01 518/12/5 h5 发现道具
鹞午夜在北提里斯把☆包覆一切的轻披风『帝
之手』 [5,2]拿到手了。

@01 518/12/5 h23 发现道具
成为信徒的王室在北提里斯把☆被称作铁块的
铠甲『染上了红色的小狗』 [1,20]拿到手了。


@01 518/12/6 h4 发现道具
真・祝福在死之寨把☆包覆一切的大镰『梦中
赌博』 (1d18)(5)拿到手了。

@03 518/12/6 h4 任务的完成
带着老虎的水任务完成，55的声望获得了。


@01 518/12/7 h13 发现道具
真・祝福在死之寨把☆被称作铁块的合成靴『
沙漠奴隶』 [0,7]拿到手了。

@01 518/12/9 h17 发现道具
重新停止在北提里斯把☆诅咒的可食用的合成
盾『品格之爱人』 [-1,-5]拿到手了。

@03 518/12/14 h19 任务的完成
绿宝石之可爱任务完成，11的声望获得了。


@01 518/12/14 h19 发现道具
绿宝石之可爱在混沌之森把☆沉重的刀『骨禁
药』 (4d4+1)拿到手了。

@01 519/1/16 h23 发现道具
医生重拳在北提里斯把☆触怒逆鳞的护身符『
出色的骑士』 (0,1)拿到手了。

@01 519/1/17 h4 发现道具
讨厌小丑的青铜在北提里斯把☆缠绕光芒的短
弓『停下盗贼』 (3d7+2)(16)拿到手了。

@01 519/1/21 h10 发现道具
像鬼一样的法在北提里斯把☆被称作铁块的重
型盾『追梦的月光』 [0,21]拿到手了。

@01 519/2/1 h22 发现道具
不屈服无双在北提里斯把☆被称作铁块的守护
戒指『哭泣之放心』 [0,3]拿到手了。

@01 519/2/2 h12 发现道具
猎杀妖怪的王在北提里斯把☆触怒逆鳞的厚靴
『上瘾者胜利』 [7,4]拿到手了。

@03 519/2/2 h12 任务的完成
鹞午夜任务完成，16的声望获得了。

@02 519/2/2 h12 新的力量
鹞午夜积攒了足够的经验，升到44了。

@01 519/2/2 h12 发现道具
给力的父在北提里斯把☆包覆一切的项链『出
不了笼子的伙伴』拿到手了。

@01 517/2/25 h2 发现道具
染上了黑色的姐妹在不归之洞窟把☆艳丽的手
套『友情之豪杰』 (3,0) [4,1]拿到手了。


@01 517/2/26 h15 发现道具
死者收获在北提里斯把☆包覆一切的防护服『
来生调和』 [20,6]拿到手了。

@01 517/2/26 h20 发现道具
重新停止在北提里斯把☆照亮黑暗的厚靴『哭
泣短剑』 [13,4]拿到手了。

@01 517/2/28 h21 发现道具
医生重拳在北提里斯把☆被称作铁块的激光枪
『献出姐姐大风暴』 (2d16+3)(4)拿到手了。


@01 517/2/28 h24 发现道具
重新停止在北提里斯把☆高贵的羽『超厉害的
王牌』 [0,4]拿到手了。

